[2018-11-23T14:53:22.936] [INFO] default - 293f6589-0edb-4927-9934-f71785bca1b6|/api/auth/login | data | {"body":{"email":"admin@admin.com","password":"123456"},"query":{},"session":{"cookie":{"originalMaxAge":null,"expires":null,"secure":false,"httpOnly":true,"path":"/"}}}
[2018-11-23T14:53:23.425] [INFO] default - 293f6589-0edb-4927-9934-f71785bca1b6|/api/auth/login | retBody | {"uuid":"293f6589-0edb-4927-9934-f71785bca1b6","content":{"session":{"cookie":{"originalMaxAge":null,"expires":null,"secure":false,"httpOnly":true,"path":"/"}},"result":{"code":1,"message":"登录失败"}},"timestamp":1542956003419}
[2018-11-23T14:53:42.447] [INFO] default - 74519a9d-93fa-4aec-aa68-b86c37546f84|/api/auth/login | data | {"body":{"email":"admin@admin.com","password":"e10adc3949ba59abbe56e057f20f883e"},"query":{},"session":{"cookie":{"originalMaxAge":null,"expires":null,"secure":false,"httpOnly":true,"path":"/"}}}
[2018-11-23T14:53:42.786] [INFO] default - 74519a9d-93fa-4aec-aa68-b86c37546f84|/api/auth/login | retBody | {"uuid":"74519a9d-93fa-4aec-aa68-b86c37546f84","content":{"session":{"cookie":{"originalMaxAge":null,"expires":null,"secure":false,"httpOnly":true,"path":"/"}},"result":{"code":1,"message":"登录失败"}},"timestamp":1542956022783}
[2018-11-23T14:55:13.602] [INFO] default - b7a41892-377c-47c2-abea-6d411cbd1fa8|/api/auth/login | data | {"body":{"email":"admin@admin.com","password":"123456"},"query":{},"session":{"cookie":{"originalMaxAge":null,"expires":null,"secure":false,"httpOnly":true,"path":"/"}}}
[2018-11-23T14:55:13.961] [INFO] default - b7a41892-377c-47c2-abea-6d411cbd1fa8|/api/auth/login | retBody | {"uuid":"b7a41892-377c-47c2-abea-6d411cbd1fa8","content":{"session":{"cookie":{"originalMaxAge":null,"expires":null,"secure":false,"httpOnly":true,"path":"/"}},"result":{"code":1,"message":"登录失败"}},"timestamp":1542956113959}
[2018-11-23T14:55:36.927] [INFO] default - e8eae760-74ad-4d2a-a8bb-00bdd2f139a3|/api/auth/login | data | {"body":{"email":"admin@admin.com","password":"123456"},"query":{},"session":{"cookie":{"originalMaxAge":null,"expires":null,"secure":false,"httpOnly":true,"path":"/"}}}
[2018-11-23T14:55:37.903] [INFO] default - e8eae760-74ad-4d2a-a8bb-00bdd2f139a3|/api/auth/login | retBody | {"uuid":"e8eae760-74ad-4d2a-a8bb-00bdd2f139a3","content":{"session":{"cookie":{"originalMaxAge":null,"expires":null,"secure":false,"httpOnly":true,"path":"/"}},"result":{"code":1,"message":"登录失败"}},"timestamp":1542956137898}
[2018-11-23T14:56:00.228] [INFO] default - 59e5a9b2-6fe7-4bc0-85b7-1886b33b94d4|/api/auth/login | data | {"body":{"email":"admin@admin.com","password":"123456"},"query":{},"session":{"cookie":{"originalMaxAge":null,"expires":null,"secure":false,"httpOnly":true,"path":"/"}}}
[2018-11-23T14:56:01.185] [INFO] default - 59e5a9b2-6fe7-4bc0-85b7-1886b33b94d4|/api/auth/login | retBody | {"uuid":"59e5a9b2-6fe7-4bc0-85b7-1886b33b94d4","content":{"session":{"cookie":{"originalMaxAge":null,"expires":null,"secure":false,"httpOnly":true,"path":"/"},"admin":{"id":1,"email":"admin@admin.com","type":0}},"result":{"code":0,"message":"SUCCESS"}},"timestamp":1542956161180}
[2018-11-23T15:02:45.155] [INFO] default - 1c74c1df-d5fd-4e1b-bc57-3e3114559999|/api/auth/check | data | {"body":{},"query":{},"session":{"cookie":{"originalMaxAge":null,"expires":null,"secure":false,"httpOnly":true,"path":"/"},"admin":{"id":1,"email":"admin@admin.com","type":0}}}
[2018-11-23T15:02:45.234] [INFO] default - 1c74c1df-d5fd-4e1b-bc57-3e3114559999|/api/auth/check | retBody | {"uuid":"1c74c1df-d5fd-4e1b-bc57-3e3114559999","content":{"session":{"cookie":{"originalMaxAge":null,"expires":null,"secure":false,"httpOnly":true,"path":"/"},"admin":{"id":1,"email":"admin@admin.com","type":0}},"result":{"code":0,"message":"SUCCESS"}},"timestamp":1542956565222}
[2018-11-23T16:08:14.780] [INFO] default - a3728ae7-9f0f-4bc5-b801-6cf342711f72|/api/auth/logout | data | {"body":{},"query":{},"session":{"cookie":{"originalMaxAge":null,"expires":null,"secure":false,"httpOnly":true,"path":"/"}}}
[2018-11-23T16:08:20.900] [INFO] default - 4bf20278-197f-4537-b7be-5837979390ea|/api/auth/logout | data | {"body":{},"query":{},"session":{"cookie":{"originalMaxAge":null,"expires":null,"secure":false,"httpOnly":true,"path":"/"}}}
[2018-11-23T16:08:25.138] [INFO] default - d03c88ed-55fe-416a-91fb-26d109675073|/api/auth/logout | data | {"body":{},"query":{},"session":{"cookie":{"originalMaxAge":null,"expires":null,"secure":false,"httpOnly":true,"path":"/"}}}
[2018-11-23T16:08:25.864] [INFO] default - 46ebff83-880f-450b-a198-657c5cea9b4e|/api/auth/logout | data | {"body":{},"query":{},"session":{"cookie":{"originalMaxAge":null,"expires":null,"secure":false,"httpOnly":true,"path":"/"}}}
[2018-11-23T16:08:45.627] [INFO] default - 537951be-7cdd-457d-a52a-3d6dcfa76271|/api/auth/logout | data | {"body":{},"query":{},"session":{"cookie":{"originalMaxAge":null,"expires":null,"secure":false,"httpOnly":true,"path":"/"}}}
[2018-11-23T16:09:13.010] [INFO] default - 8e559404-81c7-4634-a9a8-d8e5fdfc6f71|/api/auth/logout | data | {"body":{},"query":{},"session":{"cookie":{"originalMaxAge":null,"expires":null,"secure":false,"httpOnly":true,"path":"/"}}}
[2018-11-23T16:09:46.425] [INFO] default - 14d5e165-7456-46f8-a9bb-5c3b9ab8b722|/api/auth/logout | data | {"body":{},"query":{},"session":{"cookie":{"originalMaxAge":null,"expires":null,"secure":false,"httpOnly":true,"path":"/"}}}
[2018-11-23T16:10:14.838] [INFO] default - a3728ae7-9f0f-4bc5-b801-6cf342711f72|/api/auth/logout | err | {"code":"ECONNRESET"}
[2018-11-23T16:10:20.920] [INFO] default - 4bf20278-197f-4537-b7be-5837979390ea|/api/auth/logout | err | {"code":"ECONNRESET"}
[2018-11-23T16:10:25.152] [INFO] default - d03c88ed-55fe-416a-91fb-26d109675073|/api/auth/logout | err | {"code":"ECONNRESET"}
[2018-11-23T16:10:25.877] [INFO] default - 46ebff83-880f-450b-a198-657c5cea9b4e|/api/auth/logout | err | {"code":"ECONNRESET"}
[2018-11-23T16:10:40.074] [INFO] default - 35050b67-e378-47ce-be23-bb138098e483|/api/auth/logout | data | {"body":{},"query":{},"session":{"cookie":{"originalMaxAge":null,"expires":null,"secure":false,"httpOnly":true,"path":"/"}}}
[2018-11-23T16:10:45.644] [INFO] default - 537951be-7cdd-457d-a52a-3d6dcfa76271|/api/auth/logout | err | {"code":"ECONNRESET"}
[2018-11-23T16:11:13.021] [INFO] default - 396059e9-e5a8-4318-97e5-02c0151db7d2|/api/auth/logout | data | {"body":{},"query":{},"session":{"cookie":{"originalMaxAge":null,"expires":null,"secure":false,"httpOnly":true,"path":"/"}}}
[2018-11-23T16:11:13.024] [INFO] default - 8e559404-81c7-4634-a9a8-d8e5fdfc6f71|/api/auth/logout | err | {"code":"ECONNRESET"}
[2018-11-23T16:11:45.105] [INFO] default - 14d5e165-7456-46f8-a9bb-5c3b9ab8b722|/api/auth/logout | err | {"code":"ECONNRESET"}
[2018-11-23T16:11:45.107] [INFO] default - 396059e9-e5a8-4318-97e5-02c0151db7d2|/api/auth/logout | err | {"code":"ECONNRESET"}
[2018-11-23T16:11:45.109] [INFO] default - 35050b67-e378-47ce-be23-bb138098e483|/api/auth/logout | err | {"code":"ECONNRESET"}
[2018-11-23T16:12:02.495] [INFO] default - c369b8c5-94f5-480c-9039-d044b71893be|/api/auth/logout | data | {"body":{},"query":{},"session":{"cookie":{"originalMaxAge":null,"expires":null,"secure":false,"httpOnly":true,"path":"/"}}}
[2018-11-23T16:12:02.588] [INFO] default - c369b8c5-94f5-480c-9039-d044b71893be|/api/auth/logout | retBody | {"uuid":"c369b8c5-94f5-480c-9039-d044b71893be","content":{"session":{"cookie":{"originalMaxAge":null,"expires":null,"secure":false,"httpOnly":true,"path":"/"},"admin":null},"result":{"code":0,"message":"SUCCESS"}},"timestamp":1542960722565}
[2018-11-23T16:14:38.390] [INFO] default - 85edaa95-1b47-4584-83f6-31823539408e|/api/auth/check | data | {"body":{},"query":{},"session":{"cookie":{"originalMaxAge":null,"expires":null,"secure":false,"httpOnly":true,"path":"/"}}}
[2018-11-23T16:14:38.409] [INFO] default - 85edaa95-1b47-4584-83f6-31823539408e|/api/auth/check | retBody | {"uuid":"85edaa95-1b47-4584-83f6-31823539408e","content":{"session":{"cookie":{"originalMaxAge":null,"expires":null,"secure":false,"httpOnly":true,"path":"/"}},"result":{"code":1,"message":"FAIL"}},"timestamp":1542960878402}
[2018-11-23T16:14:42.180] [INFO] default - 548523f8-a31e-43a7-aca9-5360e0b54f21|/api/auth/check | data | {"body":{},"query":{},"session":{"cookie":{"originalMaxAge":null,"expires":null,"secure":false,"httpOnly":true,"path":"/"}}}
[2018-11-23T16:14:42.188] [INFO] default - 548523f8-a31e-43a7-aca9-5360e0b54f21|/api/auth/check | retBody | {"uuid":"548523f8-a31e-43a7-aca9-5360e0b54f21","content":{"session":{"cookie":{"originalMaxAge":null,"expires":null,"secure":false,"httpOnly":true,"path":"/"}},"result":{"code":1,"message":"FAIL"}},"timestamp":1542960882186}
[2018-11-23T16:14:45.009] [INFO] default - 02b3a499-fde4-47e4-aef2-711facb3a7b1|/api/auth/login | data | {"body":{"email":"admin@admin.com","password":"123456"},"query":{},"session":{"cookie":{"originalMaxAge":null,"expires":null,"secure":false,"httpOnly":true,"path":"/"}}}
[2018-11-23T16:14:45.955] [INFO] default - 02b3a499-fde4-47e4-aef2-711facb3a7b1|/api/auth/login | retBody | {"uuid":"02b3a499-fde4-47e4-aef2-711facb3a7b1","content":{"session":{"cookie":{"originalMaxAge":null,"expires":null,"secure":false,"httpOnly":true,"path":"/"},"admin":{"id":1,"email":"admin@admin.com","type":0}},"result":{"code":0,"message":"SUCCESS"}},"timestamp":1542960885953}
[2018-11-23T16:14:48.394] [INFO] default - a8f03186-8709-431c-b057-9f457c9a770a|/api/auth/check | data | {"body":{},"query":{},"session":{"cookie":{"originalMaxAge":null,"expires":null,"secure":false,"httpOnly":true,"path":"/"},"admin":{"id":1,"email":"admin@admin.com","type":0}}}
[2018-11-23T16:14:48.406] [INFO] default - a8f03186-8709-431c-b057-9f457c9a770a|/api/auth/check | retBody | {"uuid":"a8f03186-8709-431c-b057-9f457c9a770a","content":{"session":{"cookie":{"originalMaxAge":null,"expires":null,"secure":false,"httpOnly":true,"path":"/"},"admin":{"id":1,"email":"admin@admin.com","type":0}},"result":{"code":0,"message":"SUCCESS"}},"timestamp":1542960888402}
[2018-11-23T16:25:55.396] [INFO] default - 40ddda63-b866-41bf-ad2f-b2a1a0e0a9da|/api/auth/check | data | {"body":{},"query":{},"session":{"cookie":{"originalMaxAge":null,"expires":null,"secure":false,"httpOnly":true,"path":"/"},"admin":null}}
[2018-11-23T16:25:55.515] [INFO] default - 40ddda63-b866-41bf-ad2f-b2a1a0e0a9da|/api/auth/check | retBody | {"uuid":"40ddda63-b866-41bf-ad2f-b2a1a0e0a9da","content":{"session":{"cookie":{"originalMaxAge":null,"expires":null,"secure":false,"httpOnly":true,"path":"/"},"admin":null},"result":{"code":1,"message":"FAIL","data":null}},"timestamp":1542961555508}
[2018-11-23T16:25:59.804] [INFO] default - 1081714d-f315-4e20-8f9b-4d6d094f2edf|/api/auth/check | data | {"body":{},"query":{},"session":{"cookie":{"originalMaxAge":null,"expires":null,"secure":false,"httpOnly":true,"path":"/"},"admin":null}}
[2018-11-23T16:25:59.815] [INFO] default - 1081714d-f315-4e20-8f9b-4d6d094f2edf|/api/auth/check | retBody | {"uuid":"1081714d-f315-4e20-8f9b-4d6d094f2edf","content":{"session":{"cookie":{"originalMaxAge":null,"expires":null,"secure":false,"httpOnly":true,"path":"/"},"admin":null},"result":{"code":1,"message":"FAIL","data":null}},"timestamp":1542961559813}
[2018-11-23T16:26:03.310] [INFO] default - 679a5659-a6d3-437e-927f-478192c22fc1|/api/auth/check | data | {"body":{},"query":{},"session":{"cookie":{"originalMaxAge":null,"expires":null,"secure":false,"httpOnly":true,"path":"/"},"admin":null}}
[2018-11-23T16:26:03.328] [INFO] default - 679a5659-a6d3-437e-927f-478192c22fc1|/api/auth/check | retBody | {"uuid":"679a5659-a6d3-437e-927f-478192c22fc1","content":{"session":{"cookie":{"originalMaxAge":null,"expires":null,"secure":false,"httpOnly":true,"path":"/"},"admin":null},"result":{"code":1,"message":"FAIL","data":null}},"timestamp":1542961563324}
[2018-11-23T16:26:03.844] [INFO] default - 059e336c-b4f2-4e56-9144-e49253108d7f|/api/auth/check | data | {"body":{},"query":{},"session":{"cookie":{"originalMaxAge":null,"expires":null,"secure":false,"httpOnly":true,"path":"/"},"admin":null}}
[2018-11-23T16:26:03.856] [INFO] default - 059e336c-b4f2-4e56-9144-e49253108d7f|/api/auth/check | retBody | {"uuid":"059e336c-b4f2-4e56-9144-e49253108d7f","content":{"session":{"cookie":{"originalMaxAge":null,"expires":null,"secure":false,"httpOnly":true,"path":"/"},"admin":null},"result":{"code":1,"message":"FAIL","data":null}},"timestamp":1542961563854}
[2018-11-23T16:26:46.377] [INFO] default - 981b1abf-20d7-4775-8ce1-abcc38820fd3|/api/auth/check | data | {"body":{},"query":{},"session":{"cookie":{"originalMaxAge":null,"expires":null,"secure":false,"httpOnly":true,"path":"/"},"admin":null}}
[2018-11-23T16:26:46.398] [INFO] default - 981b1abf-20d7-4775-8ce1-abcc38820fd3|/api/auth/check | retBody | {"uuid":"981b1abf-20d7-4775-8ce1-abcc38820fd3","content":{"session":{"cookie":{"originalMaxAge":null,"expires":null,"secure":false,"httpOnly":true,"path":"/"},"admin":null},"result":{"code":1,"message":"FAIL","data":null}},"timestamp":1542961606385}
[2018-11-23T16:32:17.223] [INFO] default - 8b4547a5-c585-4b24-9faa-b6c9cb095514|/api/auth/check | data | {"body":{},"query":{},"session":{"cookie":{"originalMaxAge":null,"expires":null,"secure":false,"httpOnly":true,"path":"/"},"admin":null}}
[2018-11-23T16:32:17.267] [INFO] default - 8b4547a5-c585-4b24-9faa-b6c9cb095514|/api/auth/check | retBody | {"uuid":"8b4547a5-c585-4b24-9faa-b6c9cb095514","content":{"session":{"cookie":{"originalMaxAge":null,"expires":null,"secure":false,"httpOnly":true,"path":"/"},"admin":null},"result":{"code":1,"message":"FAIL","data":null}},"timestamp":1542961937259}
[2018-11-23T16:32:35.891] [INFO] default - 02dd9178-fa6b-4dd3-ae68-d53cac4d8f75|/api/auth/check | data | {"body":{},"query":{},"session":{"cookie":{"originalMaxAge":null,"expires":null,"secure":false,"httpOnly":true,"path":"/"},"admin":null}}
[2018-11-23T16:32:35.913] [INFO] default - 02dd9178-fa6b-4dd3-ae68-d53cac4d8f75|/api/auth/check | retBody | {"uuid":"02dd9178-fa6b-4dd3-ae68-d53cac4d8f75","content":{"session":{"cookie":{"originalMaxAge":null,"expires":null,"secure":false,"httpOnly":true,"path":"/"},"admin":null},"result":{"code":1,"message":"FAIL","data":null}},"timestamp":1542961955899}
[2018-11-23T16:33:00.081] [INFO] default - 234dcaba-4bcf-454c-828b-19ae67761c34|/api/auth/check | data | {"body":{},"query":{},"session":{"cookie":{"originalMaxAge":null,"expires":null,"secure":false,"httpOnly":true,"path":"/"},"admin":null}}
[2018-11-23T16:33:00.091] [INFO] default - 234dcaba-4bcf-454c-828b-19ae67761c34|/api/auth/check | retBody | {"uuid":"234dcaba-4bcf-454c-828b-19ae67761c34","content":{"session":{"cookie":{"originalMaxAge":null,"expires":null,"secure":false,"httpOnly":true,"path":"/"},"admin":null},"result":{"code":1,"message":"FAIL","data":null}},"timestamp":1542961980087}
[2018-11-23T16:33:02.730] [INFO] default - c006883f-b316-4a13-bc9c-743d2e6b1fc3|/api/auth/check | data | {"body":{},"query":{},"session":{"cookie":{"originalMaxAge":null,"expires":null,"secure":false,"httpOnly":true,"path":"/"},"admin":null}}
[2018-11-23T16:33:02.740] [INFO] default - c006883f-b316-4a13-bc9c-743d2e6b1fc3|/api/auth/check | retBody | {"uuid":"c006883f-b316-4a13-bc9c-743d2e6b1fc3","content":{"session":{"cookie":{"originalMaxAge":null,"expires":null,"secure":false,"httpOnly":true,"path":"/"},"admin":null},"result":{"code":1,"message":"FAIL","data":null}},"timestamp":1542961982737}
[2018-11-23T16:33:03.175] [INFO] default - 353e301d-7050-4a6e-b15e-afa61de6feab|/api/auth/check | data | {"body":{},"query":{},"session":{"cookie":{"originalMaxAge":null,"expires":null,"secure":false,"httpOnly":true,"path":"/"},"admin":null}}
[2018-11-23T16:33:03.184] [INFO] default - 353e301d-7050-4a6e-b15e-afa61de6feab|/api/auth/check | retBody | {"uuid":"353e301d-7050-4a6e-b15e-afa61de6feab","content":{"session":{"cookie":{"originalMaxAge":null,"expires":null,"secure":false,"httpOnly":true,"path":"/"},"admin":null},"result":{"code":1,"message":"FAIL","data":null}},"timestamp":1542961983182}
[2018-11-23T16:34:18.147] [INFO] default - 131621bf-da4f-44ab-91de-8fd0ff6933e2|/api/auth/check | data | {"body":{},"query":{},"session":{"cookie":{"originalMaxAge":null,"expires":null,"secure":false,"httpOnly":true,"path":"/"},"admin":null}}
[2018-11-23T16:34:18.171] [INFO] default - 131621bf-da4f-44ab-91de-8fd0ff6933e2|/api/auth/check | retBody | {"uuid":"131621bf-da4f-44ab-91de-8fd0ff6933e2","content":{"session":{"cookie":{"originalMaxAge":null,"expires":null,"secure":false,"httpOnly":true,"path":"/"},"admin":null},"result":{"code":1,"message":"FAIL","data":null}},"timestamp":1542962058163}
[2018-11-23T16:34:32.192] [INFO] default - 4c02706f-f257-4895-850b-47918bd4664d|/api/auth/check | data | {"body":{},"query":{},"session":{"cookie":{"originalMaxAge":null,"expires":null,"secure":false,"httpOnly":true,"path":"/"},"admin":null}}
[2018-11-23T16:34:32.209] [INFO] default - 4c02706f-f257-4895-850b-47918bd4664d|/api/auth/check | retBody | {"uuid":"4c02706f-f257-4895-850b-47918bd4664d","content":{"session":{"cookie":{"originalMaxAge":null,"expires":null,"secure":false,"httpOnly":true,"path":"/"},"admin":null},"result":{"code":1,"message":"FAIL","data":null}},"timestamp":1542962072205}
[2018-11-23T16:34:58.746] [INFO] default - a4f70aa5-96b8-4290-87dc-811aeb12c2a1|/api/auth/check | data | {"body":{},"query":{},"session":{"cookie":{"originalMaxAge":null,"expires":null,"secure":false,"httpOnly":true,"path":"/"},"admin":null}}
[2018-11-23T16:34:58.761] [INFO] default - a4f70aa5-96b8-4290-87dc-811aeb12c2a1|/api/auth/check | retBody | {"uuid":"a4f70aa5-96b8-4290-87dc-811aeb12c2a1","content":{"session":{"cookie":{"originalMaxAge":null,"expires":null,"secure":false,"httpOnly":true,"path":"/"},"admin":null},"result":{"code":1,"message":"FAIL","data":null}},"timestamp":1542962098757}
[2018-11-23T16:35:26.507] [INFO] default - b0ae857d-1c34-45e7-b689-a365345ccd6a|/api/auth/check | data | {"body":{},"query":{},"session":{"cookie":{"originalMaxAge":null,"expires":null,"secure":false,"httpOnly":true,"path":"/"},"admin":null}}
[2018-11-23T16:35:26.515] [INFO] default - b0ae857d-1c34-45e7-b689-a365345ccd6a|/api/auth/check | retBody | {"uuid":"b0ae857d-1c34-45e7-b689-a365345ccd6a","content":{"session":{"cookie":{"originalMaxAge":null,"expires":null,"secure":false,"httpOnly":true,"path":"/"},"admin":null},"result":{"code":1,"message":"FAIL","data":null}},"timestamp":1542962126513}
[2018-11-23T16:35:29.477] [INFO] default - 59f654a3-d7b3-4589-8314-1bde15abd032|/api/auth/check | data | {"body":{},"query":{},"session":{"cookie":{"originalMaxAge":null,"expires":null,"secure":false,"httpOnly":true,"path":"/"},"admin":null}}
[2018-11-23T16:35:29.486] [INFO] default - 59f654a3-d7b3-4589-8314-1bde15abd032|/api/auth/check | retBody | {"uuid":"59f654a3-d7b3-4589-8314-1bde15abd032","content":{"session":{"cookie":{"originalMaxAge":null,"expires":null,"secure":false,"httpOnly":true,"path":"/"},"admin":null},"result":{"code":1,"message":"FAIL","data":null}},"timestamp":1542962129484}
[2018-11-23T16:35:30.049] [INFO] default - 0421cc08-c99c-476f-8b66-19a9f51da28e|/api/auth/check | data | {"body":{},"query":{},"session":{"cookie":{"originalMaxAge":null,"expires":null,"secure":false,"httpOnly":true,"path":"/"},"admin":null}}
[2018-11-23T16:35:30.055] [INFO] default - 0421cc08-c99c-476f-8b66-19a9f51da28e|/api/auth/check | retBody | {"uuid":"0421cc08-c99c-476f-8b66-19a9f51da28e","content":{"session":{"cookie":{"originalMaxAge":null,"expires":null,"secure":false,"httpOnly":true,"path":"/"},"admin":null},"result":{"code":1,"message":"FAIL","data":null}},"timestamp":1542962130054}
[2018-11-23T16:36:01.975] [INFO] default - cc03292f-00d0-468f-bca1-5e0253316f76|/api/auth/check | data | {"body":{},"query":{},"session":{"cookie":{"originalMaxAge":null,"expires":null,"secure":false,"httpOnly":true,"path":"/"},"admin":null}}
[2018-11-23T16:36:02.012] [INFO] default - cc03292f-00d0-468f-bca1-5e0253316f76|/api/auth/check | retBody | {"uuid":"cc03292f-00d0-468f-bca1-5e0253316f76","content":{"session":{"cookie":{"originalMaxAge":null,"expires":null,"secure":false,"httpOnly":true,"path":"/"},"admin":null},"result":{"code":1,"message":"FAIL","data":null}},"timestamp":1542962162001}
[2018-11-23T16:36:03.597] [INFO] default - 704ad798-50b6-477c-9fc3-0aeb96e3c371|/api/auth/check | data | {"body":{},"query":{},"session":{"cookie":{"originalMaxAge":null,"expires":null,"secure":false,"httpOnly":true,"path":"/"},"admin":null}}
[2018-11-23T16:36:03.605] [INFO] default - 704ad798-50b6-477c-9fc3-0aeb96e3c371|/api/auth/check | retBody | {"uuid":"704ad798-50b6-477c-9fc3-0aeb96e3c371","content":{"session":{"cookie":{"originalMaxAge":null,"expires":null,"secure":false,"httpOnly":true,"path":"/"},"admin":null},"result":{"code":1,"message":"FAIL","data":null}},"timestamp":1542962163602}
[2018-11-23T16:37:00.920] [INFO] default - 732b9acb-41d9-410d-bc51-6b2ea41f7cb3|/api/auth/check | data | {"body":{},"query":{},"session":{"cookie":{"originalMaxAge":null,"expires":null,"secure":false,"httpOnly":true,"path":"/"},"admin":null}}
[2018-11-23T16:37:00.952] [INFO] default - 732b9acb-41d9-410d-bc51-6b2ea41f7cb3|/api/auth/check | retBody | {"uuid":"732b9acb-41d9-410d-bc51-6b2ea41f7cb3","content":{"session":{"cookie":{"originalMaxAge":null,"expires":null,"secure":false,"httpOnly":true,"path":"/"},"admin":null},"result":{"code":1,"message":"FAIL","data":null}},"timestamp":1542962220931}
[2018-11-23T16:38:17.363] [INFO] default - e7c96822-25fd-4c8d-b838-880e7dfde440|/api/auth/check | data | {"body":{},"query":{},"session":{"cookie":{"originalMaxAge":null,"expires":null,"secure":false,"httpOnly":true,"path":"/"},"admin":null}}
[2018-11-23T16:38:17.385] [INFO] default - e7c96822-25fd-4c8d-b838-880e7dfde440|/api/auth/check | retBody | {"uuid":"e7c96822-25fd-4c8d-b838-880e7dfde440","content":{"session":{"cookie":{"originalMaxAge":null,"expires":null,"secure":false,"httpOnly":true,"path":"/"},"admin":null},"result":{"code":1,"message":"FAIL","data":null}},"timestamp":1542962297382}
[2018-11-23T16:38:17.902] [INFO] default - e2d85f7d-7908-4e81-9dc6-2b7838aba42f|/api/auth/check | data | {"body":{},"query":{},"session":{"cookie":{"originalMaxAge":null,"expires":null,"secure":false,"httpOnly":true,"path":"/"},"admin":null}}
[2018-11-23T16:38:17.912] [INFO] default - e2d85f7d-7908-4e81-9dc6-2b7838aba42f|/api/auth/check | retBody | {"uuid":"e2d85f7d-7908-4e81-9dc6-2b7838aba42f","content":{"session":{"cookie":{"originalMaxAge":null,"expires":null,"secure":false,"httpOnly":true,"path":"/"},"admin":null},"result":{"code":1,"message":"FAIL","data":null}},"timestamp":1542962297909}
[2018-11-23T16:38:23.100] [INFO] default - a07dfc06-c33a-4bc9-b13e-8a3d42eb1367|/api/auth/check | data | {"body":{},"query":{},"session":{"cookie":{"originalMaxAge":null,"expires":null,"secure":false,"httpOnly":true,"path":"/"},"admin":null}}
[2018-11-23T16:38:23.106] [INFO] default - a07dfc06-c33a-4bc9-b13e-8a3d42eb1367|/api/auth/check | retBody | {"uuid":"a07dfc06-c33a-4bc9-b13e-8a3d42eb1367","content":{"session":{"cookie":{"originalMaxAge":null,"expires":null,"secure":false,"httpOnly":true,"path":"/"},"admin":null},"result":{"code":1,"message":"FAIL","data":null}},"timestamp":1542962303104}
[2018-11-23T16:38:23.586] [INFO] default - 0249851b-000b-4dbd-ac17-cd22fbe5cf83|/api/auth/check | data | {"body":{},"query":{},"session":{"cookie":{"originalMaxAge":null,"expires":null,"secure":false,"httpOnly":true,"path":"/"},"admin":null}}
[2018-11-23T16:38:23.593] [INFO] default - 0249851b-000b-4dbd-ac17-cd22fbe5cf83|/api/auth/check | retBody | {"uuid":"0249851b-000b-4dbd-ac17-cd22fbe5cf83","content":{"session":{"cookie":{"originalMaxAge":null,"expires":null,"secure":false,"httpOnly":true,"path":"/"},"admin":null},"result":{"code":1,"message":"FAIL","data":null}},"timestamp":1542962303591}
[2018-11-23T16:38:43.645] [INFO] default - 91c61b84-f8d4-4690-8db2-4e6df8822dbd|/api/auth/check | data | {"body":{},"query":{},"session":{"cookie":{"originalMaxAge":null,"expires":null,"secure":false,"httpOnly":true,"path":"/"},"admin":null}}
[2018-11-23T16:38:43.654] [INFO] default - 91c61b84-f8d4-4690-8db2-4e6df8822dbd|/api/auth/check | retBody | {"uuid":"91c61b84-f8d4-4690-8db2-4e6df8822dbd","content":{"session":{"cookie":{"originalMaxAge":null,"expires":null,"secure":false,"httpOnly":true,"path":"/"},"admin":null},"result":{"code":1,"message":"FAIL","data":null}},"timestamp":1542962323652}
[2018-11-23T16:38:44.072] [INFO] default - 923c08b5-5e41-4a47-9d80-a2cab92a550c|/api/auth/check | data | {"body":{},"query":{},"session":{"cookie":{"originalMaxAge":null,"expires":null,"secure":false,"httpOnly":true,"path":"/"},"admin":null}}
[2018-11-23T16:38:44.080] [INFO] default - 923c08b5-5e41-4a47-9d80-a2cab92a550c|/api/auth/check | retBody | {"uuid":"923c08b5-5e41-4a47-9d80-a2cab92a550c","content":{"session":{"cookie":{"originalMaxAge":null,"expires":null,"secure":false,"httpOnly":true,"path":"/"},"admin":null},"result":{"code":1,"message":"FAIL","data":null}},"timestamp":1542962324078}
[2018-11-23T16:39:43.052] [INFO] default - 57d3a549-e330-4e13-b2b5-619f3680d6bf|/api/auth/check | data | {"body":{},"query":{},"session":{"cookie":{"originalMaxAge":null,"expires":null,"secure":false,"httpOnly":true,"path":"/"},"admin":null}}
[2018-11-23T16:39:43.062] [INFO] default - 57d3a549-e330-4e13-b2b5-619f3680d6bf|/api/auth/check | retBody | {"uuid":"57d3a549-e330-4e13-b2b5-619f3680d6bf","content":{"session":{"cookie":{"originalMaxAge":null,"expires":null,"secure":false,"httpOnly":true,"path":"/"},"admin":null},"result":{"code":1,"message":"FAIL","data":null}},"timestamp":1542962383059}
[2018-11-23T16:39:43.913] [INFO] default - 82934d9a-d6d4-4309-a9e0-b3d71a1b9ab0|/api/auth/check | data | {"body":{},"query":{},"session":{"cookie":{"originalMaxAge":null,"expires":null,"secure":false,"httpOnly":true,"path":"/"},"admin":null}}
[2018-11-23T16:39:43.921] [INFO] default - 82934d9a-d6d4-4309-a9e0-b3d71a1b9ab0|/api/auth/check | retBody | {"uuid":"82934d9a-d6d4-4309-a9e0-b3d71a1b9ab0","content":{"session":{"cookie":{"originalMaxAge":null,"expires":null,"secure":false,"httpOnly":true,"path":"/"},"admin":null},"result":{"code":1,"message":"FAIL","data":null}},"timestamp":1542962383919}
[2018-11-23T16:41:48.865] [INFO] default - 32d45d43-8a6b-4baa-a96b-aa8fc1f47867|/api/auth/check | data | {"body":{},"query":{},"session":{"cookie":{"originalMaxAge":null,"expires":null,"secure":false,"httpOnly":true,"path":"/"},"admin":null}}
[2018-11-23T16:41:48.888] [INFO] default - 32d45d43-8a6b-4baa-a96b-aa8fc1f47867|/api/auth/check | retBody | {"uuid":"32d45d43-8a6b-4baa-a96b-aa8fc1f47867","content":{"session":{"cookie":{"originalMaxAge":null,"expires":null,"secure":false,"httpOnly":true,"path":"/"},"admin":null},"result":{"code":1,"message":"FAIL","data":null}},"timestamp":1542962508883}
[2018-11-23T16:42:41.234] [INFO] default - 33d24370-33ce-41a6-94c7-1b40bdd1de42|/api/auth/check | data | {"body":{},"query":{},"session":{"cookie":{"originalMaxAge":null,"expires":null,"secure":false,"httpOnly":true,"path":"/"},"admin":null}}
[2018-11-23T16:42:41.243] [INFO] default - 33d24370-33ce-41a6-94c7-1b40bdd1de42|/api/auth/check | retBody | {"uuid":"33d24370-33ce-41a6-94c7-1b40bdd1de42","content":{"session":{"cookie":{"originalMaxAge":null,"expires":null,"secure":false,"httpOnly":true,"path":"/"},"admin":null},"result":{"code":1,"message":"FAIL","data":null}},"timestamp":1542962561241}
[2018-11-23T16:42:59.415] [INFO] default - 862d1499-0e8c-4872-9ed8-f8afef5d3db5|/api/auth/check | data | {"body":{},"query":{},"session":{"cookie":{"originalMaxAge":null,"expires":null,"secure":false,"httpOnly":true,"path":"/"},"admin":null}}
[2018-11-23T16:42:59.432] [INFO] default - 862d1499-0e8c-4872-9ed8-f8afef5d3db5|/api/auth/check | retBody | {"uuid":"862d1499-0e8c-4872-9ed8-f8afef5d3db5","content":{"session":{"cookie":{"originalMaxAge":null,"expires":null,"secure":false,"httpOnly":true,"path":"/"},"admin":null},"result":{"code":1,"message":"FAIL","data":null}},"timestamp":1542962579429}
[2018-11-23T16:45:05.363] [INFO] default - 74054fc1-31da-4510-8311-2b0ed353c3b0|/api/auth/check | data | {"body":{},"query":{},"session":{"cookie":{"originalMaxAge":null,"expires":null,"secure":false,"httpOnly":true,"path":"/"},"admin":null}}
[2018-11-23T16:45:05.402] [INFO] default - 74054fc1-31da-4510-8311-2b0ed353c3b0|/api/auth/check | retBody | {"uuid":"74054fc1-31da-4510-8311-2b0ed353c3b0","content":{"session":{"cookie":{"originalMaxAge":null,"expires":null,"secure":false,"httpOnly":true,"path":"/"},"admin":null},"result":{"code":1,"message":"FAIL","data":null}},"timestamp":1542962705390}
[2018-11-23T16:47:47.921] [INFO] default - c7b1a70f-01cb-4a07-b5d6-7197e8e543b2|/api/auth/login | data | {"body":{"email":"admin@admin.com","password":"123456"},"query":{},"session":{"cookie":{"originalMaxAge":null,"expires":null,"secure":false,"httpOnly":true,"path":"/"},"admin":null}}
[2018-11-23T16:47:48.877] [INFO] default - c7b1a70f-01cb-4a07-b5d6-7197e8e543b2|/api/auth/login | retBody | {"uuid":"c7b1a70f-01cb-4a07-b5d6-7197e8e543b2","content":{"session":{"cookie":{"originalMaxAge":null,"expires":null,"secure":false,"httpOnly":true,"path":"/"},"admin":{"id":1,"email":"admin@admin.com","type":0}},"result":{"code":0,"message":"SUCCESS"}},"timestamp":1542962868875}
[2018-11-23T16:47:49.434] [INFO] default - 05fb7610-96b0-40cd-9249-f90a0eebd54b|/api/auth/check | data | {"body":{},"query":{},"session":{"cookie":{"originalMaxAge":null,"expires":null,"secure":false,"httpOnly":true,"path":"/"},"admin":{"id":1,"email":"admin@admin.com","type":0}}}
[2018-11-23T16:47:49.449] [INFO] default - 05fb7610-96b0-40cd-9249-f90a0eebd54b|/api/auth/check | retBody | {"uuid":"05fb7610-96b0-40cd-9249-f90a0eebd54b","content":{"session":{"cookie":{"originalMaxAge":null,"expires":null,"secure":false,"httpOnly":true,"path":"/"},"admin":{"id":1,"email":"admin@admin.com","type":0}},"result":{"code":0,"message":"SUCCESS"}},"timestamp":1542962869447}
[2018-11-23T16:47:50.070] [INFO] default - 93c4c7f6-06a0-4868-a20d-9b1e52e84fe2|/api/auth/check | data | {"body":{},"query":{},"session":{"cookie":{"originalMaxAge":null,"expires":null,"secure":false,"httpOnly":true,"path":"/"},"admin":{"id":1,"email":"admin@admin.com","type":0}}}
[2018-11-23T16:47:50.080] [INFO] default - 93c4c7f6-06a0-4868-a20d-9b1e52e84fe2|/api/auth/check | retBody | {"uuid":"93c4c7f6-06a0-4868-a20d-9b1e52e84fe2","content":{"session":{"cookie":{"originalMaxAge":null,"expires":null,"secure":false,"httpOnly":true,"path":"/"},"admin":{"id":1,"email":"admin@admin.com","type":0}},"result":{"code":0,"message":"SUCCESS"}},"timestamp":1542962870079}
[2018-11-23T16:49:06.342] [INFO] default - abd1deb1-2fa7-4031-a863-86aa04ef4052|/api/auth/check | data | {"body":{},"query":{},"session":{"cookie":{"originalMaxAge":null,"expires":null,"secure":false,"httpOnly":true,"path":"/"},"admin":{"id":1,"email":"admin@admin.com","type":0}}}
[2018-11-23T16:49:06.470] [INFO] default - abd1deb1-2fa7-4031-a863-86aa04ef4052|/api/auth/check | retBody | {"uuid":"abd1deb1-2fa7-4031-a863-86aa04ef4052","content":{"session":{"cookie":{"originalMaxAge":null,"expires":null,"secure":false,"httpOnly":true,"path":"/"},"admin":{"id":1,"email":"admin@admin.com","type":0}},"result":{"code":0,"message":"SUCCESS","data":{"id":1,"email":"admin@admin.com","type":0}}},"timestamp":1542962946447}
[2018-11-23T16:52:11.452] [INFO] default - 8fd29dbb-edb1-42e4-94b6-cf943f2c88d6|/api/auth/check | data | {"body":{},"query":{},"session":{"cookie":{"originalMaxAge":null,"expires":null,"secure":false,"httpOnly":true,"path":"/"},"admin":{"id":1,"email":"admin@admin.com","type":0}}}
[2018-11-23T16:52:11.467] [INFO] default - 8fd29dbb-edb1-42e4-94b6-cf943f2c88d6|/api/auth/check | retBody | {"uuid":"8fd29dbb-edb1-42e4-94b6-cf943f2c88d6","content":{"session":{"cookie":{"originalMaxAge":null,"expires":null,"secure":false,"httpOnly":true,"path":"/"},"admin":{"id":1,"email":"admin@admin.com","type":0}},"result":{"code":0,"message":"SUCCESS","data":{"id":1,"email":"admin@admin.com","type":0}}},"timestamp":1542963131463}
[2018-11-23T16:52:41.034] [INFO] default - 88b99069-a0da-47a4-ac61-f3a4aff02deb|/api/auth/check | data | {"body":{},"query":{},"session":{"cookie":{"originalMaxAge":null,"expires":null,"secure":false,"httpOnly":true,"path":"/"},"admin":{"id":1,"email":"admin@admin.com","type":0}}}
[2018-11-23T16:52:41.046] [INFO] default - 88b99069-a0da-47a4-ac61-f3a4aff02deb|/api/auth/check | retBody | {"uuid":"88b99069-a0da-47a4-ac61-f3a4aff02deb","content":{"session":{"cookie":{"originalMaxAge":null,"expires":null,"secure":false,"httpOnly":true,"path":"/"},"admin":{"id":1,"email":"admin@admin.com","type":0}},"result":{"code":0,"message":"SUCCESS","data":{"id":1,"email":"admin@admin.com","type":0}}},"timestamp":1542963161043}
[2018-11-23T16:54:16.576] [INFO] default - 0f2d5bdb-f348-45a8-930b-49b2b1d06977|/api/auth/check | data | {"body":{},"query":{},"session":{"cookie":{"originalMaxAge":null,"expires":null,"secure":false,"httpOnly":true,"path":"/"},"admin":{"id":1,"email":"admin@admin.com","type":0}}}
[2018-11-23T16:54:16.597] [INFO] default - 0f2d5bdb-f348-45a8-930b-49b2b1d06977|/api/auth/check | retBody | {"uuid":"0f2d5bdb-f348-45a8-930b-49b2b1d06977","content":{"session":{"cookie":{"originalMaxAge":null,"expires":null,"secure":false,"httpOnly":true,"path":"/"},"admin":{"id":1,"email":"admin@admin.com","type":0}},"result":{"code":0,"message":"SUCCESS","data":{"id":1,"email":"admin@admin.com","type":0}}},"timestamp":1542963256594}
[2018-11-23T16:56:52.801] [INFO] default - 503c1f67-b1a9-4774-ba9a-be69dabd803f|/api/auth/check | data | {"body":{},"query":{},"session":{"cookie":{"originalMaxAge":null,"expires":null,"secure":false,"httpOnly":true,"path":"/"},"admin":{"id":1,"email":"admin@admin.com","type":0}}}
[2018-11-23T16:56:52.812] [INFO] default - 503c1f67-b1a9-4774-ba9a-be69dabd803f|/api/auth/check | retBody | {"uuid":"503c1f67-b1a9-4774-ba9a-be69dabd803f","content":{"session":{"cookie":{"originalMaxAge":null,"expires":null,"secure":false,"httpOnly":true,"path":"/"},"admin":{"id":1,"email":"admin@admin.com","type":0}},"result":{"code":0,"message":"SUCCESS","data":{"id":1,"email":"admin@admin.com","type":0}}},"timestamp":1542963412809}
[2018-11-23T16:57:16.968] [INFO] default - 8de0cf5d-feb2-4779-a01c-6f0006ca284c|/api/auth/check | data | {"body":{},"query":{},"session":{"cookie":{"originalMaxAge":null,"expires":null,"secure":false,"httpOnly":true,"path":"/"},"admin":{"id":1,"email":"admin@admin.com","type":0}}}
[2018-11-23T16:57:16.977] [INFO] default - 8de0cf5d-feb2-4779-a01c-6f0006ca284c|/api/auth/check | retBody | {"uuid":"8de0cf5d-feb2-4779-a01c-6f0006ca284c","content":{"session":{"cookie":{"originalMaxAge":null,"expires":null,"secure":false,"httpOnly":true,"path":"/"},"admin":{"id":1,"email":"admin@admin.com","type":0}},"result":{"code":0,"message":"SUCCESS","data":{"id":1,"email":"admin@admin.com","type":0}}},"timestamp":1542963436974}
[2018-11-23T16:57:22.095] [INFO] default - def10fce-b763-4dea-b11b-6708d40deabb|/api/auth/check | data | {"body":{},"query":{},"session":{"cookie":{"originalMaxAge":null,"expires":null,"secure":false,"httpOnly":true,"path":"/"},"admin":{"id":1,"email":"admin@admin.com","type":0}}}
[2018-11-23T16:57:22.101] [INFO] default - def10fce-b763-4dea-b11b-6708d40deabb|/api/auth/check | retBody | {"uuid":"def10fce-b763-4dea-b11b-6708d40deabb","content":{"session":{"cookie":{"originalMaxAge":null,"expires":null,"secure":false,"httpOnly":true,"path":"/"},"admin":{"id":1,"email":"admin@admin.com","type":0}},"result":{"code":0,"message":"SUCCESS","data":{"id":1,"email":"admin@admin.com","type":0}}},"timestamp":1542963442099}
[2018-11-23T16:58:09.068] [INFO] default - 43356c64-594e-48b8-a10f-3977263d8d35|/api/auth/check | data | {"body":{},"query":{},"session":{"cookie":{"originalMaxAge":null,"expires":null,"secure":false,"httpOnly":true,"path":"/"},"admin":{"id":1,"email":"admin@admin.com","type":0}}}
[2018-11-23T16:58:09.080] [INFO] default - 43356c64-594e-48b8-a10f-3977263d8d35|/api/auth/check | retBody | {"uuid":"43356c64-594e-48b8-a10f-3977263d8d35","content":{"session":{"cookie":{"originalMaxAge":null,"expires":null,"secure":false,"httpOnly":true,"path":"/"},"admin":{"id":1,"email":"admin@admin.com","type":0}},"result":{"code":0,"message":"SUCCESS","data":{"id":1,"email":"admin@admin.com","type":0}}},"timestamp":1542963489077}
[2018-11-23T16:58:23.104] [INFO] default - 1e6c6b7f-5e8e-4317-b8f9-bd0561e183fb|/api/auth/check | data | {"body":{},"query":{},"session":{"cookie":{"originalMaxAge":null,"expires":null,"secure":false,"httpOnly":true,"path":"/"},"admin":{"id":1,"email":"admin@admin.com","type":0}}}
[2018-11-23T16:58:23.114] [INFO] default - 1e6c6b7f-5e8e-4317-b8f9-bd0561e183fb|/api/auth/check | retBody | {"uuid":"1e6c6b7f-5e8e-4317-b8f9-bd0561e183fb","content":{"session":{"cookie":{"originalMaxAge":null,"expires":null,"secure":false,"httpOnly":true,"path":"/"},"admin":{"id":1,"email":"admin@admin.com","type":0}},"result":{"code":0,"message":"SUCCESS","data":{"id":1,"email":"admin@admin.com","type":0}}},"timestamp":1542963503111}
[2018-11-23T17:00:31.040] [INFO] default - 37c23e0e-74af-46f8-88d4-b70d59ab1b3f|/api/auth/check | data | {"body":{},"query":{},"session":{"cookie":{"originalMaxAge":null,"expires":null,"secure":false,"httpOnly":true,"path":"/"},"admin":{"id":1,"email":"admin@admin.com","type":0}}}
[2018-11-23T17:00:31.084] [INFO] default - 37c23e0e-74af-46f8-88d4-b70d59ab1b3f|/api/auth/check | retBody | {"uuid":"37c23e0e-74af-46f8-88d4-b70d59ab1b3f","content":{"session":{"cookie":{"originalMaxAge":null,"expires":null,"secure":false,"httpOnly":true,"path":"/"},"admin":{"id":1,"email":"admin@admin.com","type":0}},"result":{"code":0,"message":"SUCCESS","data":{"id":1,"email":"admin@admin.com","type":0}}},"timestamp":1542963631064}
[2018-11-23T17:00:38.551] [INFO] default - 48915346-b563-4538-8149-85c6e387b279|/api/auth/check | data | {"body":{},"query":{},"session":{"cookie":{"originalMaxAge":null,"expires":null,"secure":false,"httpOnly":true,"path":"/"},"admin":{"id":1,"email":"admin@admin.com","type":0}}}
[2018-11-23T17:00:38.562] [INFO] default - 48915346-b563-4538-8149-85c6e387b279|/api/auth/check | retBody | {"uuid":"48915346-b563-4538-8149-85c6e387b279","content":{"session":{"cookie":{"originalMaxAge":null,"expires":null,"secure":false,"httpOnly":true,"path":"/"},"admin":{"id":1,"email":"admin@admin.com","type":0}},"result":{"code":0,"message":"SUCCESS","data":{"id":1,"email":"admin@admin.com","type":0}}},"timestamp":1542963638559}
[2018-11-23T17:01:15.995] [INFO] default - 761b12bb-8a83-46e1-8204-69f45b8d2eac|/api/auth/check | data | {"body":{},"query":{},"session":{"cookie":{"originalMaxAge":null,"expires":null,"secure":false,"httpOnly":true,"path":"/"},"admin":{"id":1,"email":"admin@admin.com","type":0}}}
[2018-11-23T17:01:16.018] [INFO] default - 761b12bb-8a83-46e1-8204-69f45b8d2eac|/api/auth/check | retBody | {"uuid":"761b12bb-8a83-46e1-8204-69f45b8d2eac","content":{"session":{"cookie":{"originalMaxAge":null,"expires":null,"secure":false,"httpOnly":true,"path":"/"},"admin":{"id":1,"email":"admin@admin.com","type":0}},"result":{"code":0,"message":"SUCCESS","data":{"id":1,"email":"admin@admin.com","type":0}}},"timestamp":1542963676014}
[2018-11-23T17:02:53.939] [INFO] default - 676b1645-889c-482d-b80a-25d0b0dd19c8|/api/auth/check | data | {"body":{},"query":{},"session":{"cookie":{"originalMaxAge":null,"expires":null,"secure":false,"httpOnly":true,"path":"/"},"admin":{"id":1,"email":"admin@admin.com","type":0}}}
[2018-11-23T17:02:53.957] [INFO] default - 676b1645-889c-482d-b80a-25d0b0dd19c8|/api/auth/check | retBody | {"uuid":"676b1645-889c-482d-b80a-25d0b0dd19c8","content":{"session":{"cookie":{"originalMaxAge":null,"expires":null,"secure":false,"httpOnly":true,"path":"/"},"admin":{"id":1,"email":"admin@admin.com","type":0}},"result":{"code":0,"message":"SUCCESS","data":{"id":1,"email":"admin@admin.com","type":0}}},"timestamp":1542963773945}
[2018-11-23T17:03:08.757] [INFO] default - 93029b32-c898-4b87-919a-b8355db00975|/api/auth/check | data | {"body":{},"query":{},"session":{"cookie":{"originalMaxAge":null,"expires":null,"secure":false,"httpOnly":true,"path":"/"},"admin":{"id":1,"email":"admin@admin.com","type":0}}}
[2018-11-23T17:03:08.786] [INFO] default - 93029b32-c898-4b87-919a-b8355db00975|/api/auth/check | retBody | {"uuid":"93029b32-c898-4b87-919a-b8355db00975","content":{"session":{"cookie":{"originalMaxAge":null,"expires":null,"secure":false,"httpOnly":true,"path":"/"},"admin":{"id":1,"email":"admin@admin.com","type":0}},"result":{"code":0,"message":"SUCCESS","data":{"id":1,"email":"admin@admin.com","type":0}}},"timestamp":1542963788783}
[2018-11-23T17:03:36.925] [INFO] default - 1eace710-450b-44b6-8d4b-49fbd5b8e1d8|/api/auth/check | data | {"body":{},"query":{},"session":{"cookie":{"originalMaxAge":null,"expires":null,"secure":false,"httpOnly":true,"path":"/"},"admin":{"id":1,"email":"admin@admin.com","type":0}}}
[2018-11-23T17:03:36.936] [INFO] default - 1eace710-450b-44b6-8d4b-49fbd5b8e1d8|/api/auth/check | retBody | {"uuid":"1eace710-450b-44b6-8d4b-49fbd5b8e1d8","content":{"session":{"cookie":{"originalMaxAge":null,"expires":null,"secure":false,"httpOnly":true,"path":"/"},"admin":{"id":1,"email":"admin@admin.com","type":0}},"result":{"code":0,"message":"SUCCESS","data":{"id":1,"email":"admin@admin.com","type":0}}},"timestamp":1542963816934}
[2018-11-23T17:03:39.417] [INFO] default - f27ec3d7-8317-4d42-b7c1-e4f1aa88925c|/api/auth/logout | data | {"body":{},"query":{},"session":{"cookie":{"originalMaxAge":null,"expires":null,"secure":false,"httpOnly":true,"path":"/"},"admin":{"id":1,"email":"admin@admin.com","type":0}}}
[2018-11-23T17:03:39.423] [INFO] default - f27ec3d7-8317-4d42-b7c1-e4f1aa88925c|/api/auth/logout | retBody | {"uuid":"f27ec3d7-8317-4d42-b7c1-e4f1aa88925c","content":{"session":{"cookie":{"originalMaxAge":null,"expires":null,"secure":false,"httpOnly":true,"path":"/"},"admin":null},"result":{"code":0,"message":"SUCCESS"}},"timestamp":1542963819421}
[2018-11-23T17:03:39.978] [INFO] default - 05a26723-b376-43fd-9ed4-3562dd3b1560|/api/auth/check | data | {"body":{},"query":{},"session":{"cookie":{"originalMaxAge":null,"expires":null,"secure":false,"httpOnly":true,"path":"/"},"admin":null}}
[2018-11-23T17:03:39.985] [INFO] default - 05a26723-b376-43fd-9ed4-3562dd3b1560|/api/auth/check | retBody | {"uuid":"05a26723-b376-43fd-9ed4-3562dd3b1560","content":{"session":{"cookie":{"originalMaxAge":null,"expires":null,"secure":false,"httpOnly":true,"path":"/"},"admin":null},"result":{"code":1,"message":"FAIL"}},"timestamp":1542963819983}
[2018-11-23T17:04:20.725] [INFO] default - 810acc2d-228c-4feb-9f94-e30fb9a1855c|/api/auth/login | data | {"body":{"email":"admin@admin.com","password":"123456"},"query":{},"session":{"cookie":{"originalMaxAge":null,"expires":null,"secure":false,"httpOnly":true,"path":"/"},"admin":null}}
[2018-11-23T17:04:21.646] [INFO] default - 810acc2d-228c-4feb-9f94-e30fb9a1855c|/api/auth/login | retBody | {"uuid":"810acc2d-228c-4feb-9f94-e30fb9a1855c","content":{"session":{"cookie":{"originalMaxAge":null,"expires":null,"secure":false,"httpOnly":true,"path":"/"},"admin":{"id":1,"email":"admin@admin.com","type":0}},"result":{"code":0,"message":"SUCCESS"}},"timestamp":1542963861644}
[2018-11-23T17:04:22.302] [INFO] default - 0659af70-d623-4485-964c-81c062f3f5d2|/api/auth/check | data | {"body":{},"query":{},"session":{"cookie":{"originalMaxAge":null,"expires":null,"secure":false,"httpOnly":true,"path":"/"},"admin":{"id":1,"email":"admin@admin.com","type":0}}}
[2018-11-23T17:04:22.310] [INFO] default - 0659af70-d623-4485-964c-81c062f3f5d2|/api/auth/check | retBody | {"uuid":"0659af70-d623-4485-964c-81c062f3f5d2","content":{"session":{"cookie":{"originalMaxAge":null,"expires":null,"secure":false,"httpOnly":true,"path":"/"},"admin":{"id":1,"email":"admin@admin.com","type":0}},"result":{"code":0,"message":"SUCCESS","data":{"id":1,"email":"admin@admin.com","type":0}}},"timestamp":1542963862308}
[2018-11-23T17:04:29.022] [INFO] default - 5a4a41cd-ebaa-42a1-a929-256d1eacaf31|/api/auth/logout | data | {"body":{},"query":{},"session":{"cookie":{"originalMaxAge":null,"expires":null,"secure":false,"httpOnly":true,"path":"/"},"admin":{"id":1,"email":"admin@admin.com","type":0}}}
[2018-11-23T17:04:29.040] [INFO] default - 5a4a41cd-ebaa-42a1-a929-256d1eacaf31|/api/auth/logout | retBody | {"uuid":"5a4a41cd-ebaa-42a1-a929-256d1eacaf31","content":{"session":{"cookie":{"originalMaxAge":null,"expires":null,"secure":false,"httpOnly":true,"path":"/"},"admin":null},"result":{"code":0,"message":"SUCCESS"}},"timestamp":1542963869038}
[2018-11-23T17:04:29.820] [INFO] default - 8be8fe58-d6ec-4ccc-b377-89d3b90b653d|/api/auth/check | data | {"body":{},"query":{},"session":{"cookie":{"originalMaxAge":null,"expires":null,"secure":false,"httpOnly":true,"path":"/"},"admin":null}}
[2018-11-23T17:04:29.833] [INFO] default - 8be8fe58-d6ec-4ccc-b377-89d3b90b653d|/api/auth/check | retBody | {"uuid":"8be8fe58-d6ec-4ccc-b377-89d3b90b653d","content":{"session":{"cookie":{"originalMaxAge":null,"expires":null,"secure":false,"httpOnly":true,"path":"/"},"admin":null},"result":{"code":1,"message":"FAIL"}},"timestamp":1542963869827}
[2018-11-23T17:04:32.078] [INFO] default - 31ed0847-b7a5-4044-982f-febb645a9c9e|/api/auth/check | data | {"body":{},"query":{},"session":{"cookie":{"originalMaxAge":null,"expires":null,"secure":false,"httpOnly":true,"path":"/"},"admin":null}}
[2018-11-23T17:04:32.094] [INFO] default - 31ed0847-b7a5-4044-982f-febb645a9c9e|/api/auth/check | retBody | {"uuid":"31ed0847-b7a5-4044-982f-febb645a9c9e","content":{"session":{"cookie":{"originalMaxAge":null,"expires":null,"secure":false,"httpOnly":true,"path":"/"},"admin":null},"result":{"code":1,"message":"FAIL"}},"timestamp":1542963872091}
[2018-11-23T17:04:36.113] [INFO] default - 09cb28e4-91ec-4d2f-8444-99398bfe4ef0|/api/auth/check | data | {"body":{},"query":{},"session":{"cookie":{"originalMaxAge":null,"expires":null,"secure":false,"httpOnly":true,"path":"/"},"admin":null}}
[2018-11-23T17:04:36.120] [INFO] default - 09cb28e4-91ec-4d2f-8444-99398bfe4ef0|/api/auth/check | retBody | {"uuid":"09cb28e4-91ec-4d2f-8444-99398bfe4ef0","content":{"session":{"cookie":{"originalMaxAge":null,"expires":null,"secure":false,"httpOnly":true,"path":"/"},"admin":null},"result":{"code":1,"message":"FAIL"}},"timestamp":1542963876118}
[2018-11-23T17:04:36.624] [INFO] default - 576d6a6a-c1ca-4480-af4b-0f61cfa633b4|/api/auth/check | data | {"body":{},"query":{},"session":{"cookie":{"originalMaxAge":null,"expires":null,"secure":false,"httpOnly":true,"path":"/"},"admin":null}}
[2018-11-23T17:04:36.632] [INFO] default - 576d6a6a-c1ca-4480-af4b-0f61cfa633b4|/api/auth/check | retBody | {"uuid":"576d6a6a-c1ca-4480-af4b-0f61cfa633b4","content":{"session":{"cookie":{"originalMaxAge":null,"expires":null,"secure":false,"httpOnly":true,"path":"/"},"admin":null},"result":{"code":1,"message":"FAIL"}},"timestamp":1542963876630}
[2018-11-23T17:06:13.015] [INFO] default - 44160091-9536-4970-beba-94cd8828bc72|/api/auth/check | data | {"body":{},"query":{},"session":{"cookie":{"originalMaxAge":null,"expires":null,"secure":false,"httpOnly":true,"path":"/"},"admin":null}}
[2018-11-23T17:06:13.024] [INFO] default - 44160091-9536-4970-beba-94cd8828bc72|/api/auth/check | retBody | {"uuid":"44160091-9536-4970-beba-94cd8828bc72","content":{"session":{"cookie":{"originalMaxAge":null,"expires":null,"secure":false,"httpOnly":true,"path":"/"},"admin":null},"result":{"code":1,"message":"FAIL"}},"timestamp":1542963973022}
[2018-11-23T17:06:20.265] [INFO] default - 904156aa-3128-4f47-8212-f5e7593b3015|/api/auth/login | data | {"body":{"email":"admin@admin.com","password":"123456"},"query":{},"session":{"cookie":{"originalMaxAge":null,"expires":null,"secure":false,"httpOnly":true,"path":"/"},"admin":null}}
[2018-11-23T17:06:20.610] [INFO] default - 904156aa-3128-4f47-8212-f5e7593b3015|/api/auth/login | retBody | {"uuid":"904156aa-3128-4f47-8212-f5e7593b3015","content":{"session":{"cookie":{"originalMaxAge":null,"expires":null,"secure":false,"httpOnly":true,"path":"/"},"admin":{"id":1,"email":"admin@admin.com","type":0}},"result":{"code":0,"message":"SUCCESS"}},"timestamp":1542963980609}
[2018-11-23T17:06:21.050] [INFO] default - 9f72efdc-9c89-4836-b074-21b2f0987e27|/api/auth/check | data | {"body":{},"query":{},"session":{"cookie":{"originalMaxAge":null,"expires":null,"secure":false,"httpOnly":true,"path":"/"},"admin":{"id":1,"email":"admin@admin.com","type":0}}}
[2018-11-23T17:06:21.057] [INFO] default - 9f72efdc-9c89-4836-b074-21b2f0987e27|/api/auth/check | retBody | {"uuid":"9f72efdc-9c89-4836-b074-21b2f0987e27","content":{"session":{"cookie":{"originalMaxAge":null,"expires":null,"secure":false,"httpOnly":true,"path":"/"},"admin":{"id":1,"email":"admin@admin.com","type":0}},"result":{"code":0,"message":"SUCCESS","data":{"id":1,"email":"admin@admin.com","type":0}}},"timestamp":1542963981055}
[2018-11-23T17:06:27.994] [INFO] default - 5cde236c-4d40-42d6-a0e0-28a6e0de2350|/api/auth/logout | data | {"body":{},"query":{},"session":{"cookie":{"originalMaxAge":null,"expires":null,"secure":false,"httpOnly":true,"path":"/"},"admin":{"id":1,"email":"admin@admin.com","type":0}}}
[2018-11-23T17:06:28.009] [INFO] default - 5cde236c-4d40-42d6-a0e0-28a6e0de2350|/api/auth/logout | retBody | {"uuid":"5cde236c-4d40-42d6-a0e0-28a6e0de2350","content":{"session":{"cookie":{"originalMaxAge":null,"expires":null,"secure":false,"httpOnly":true,"path":"/"},"admin":null},"result":{"code":0,"message":"SUCCESS"}},"timestamp":1542963988006}
[2018-11-23T17:06:28.390] [INFO] default - cebbf0b4-0e2d-493d-bcc5-c59da0b4cb97|/api/auth/check | data | {"body":{},"query":{},"session":{"cookie":{"originalMaxAge":null,"expires":null,"secure":false,"httpOnly":true,"path":"/"},"admin":null}}
[2018-11-23T17:06:28.398] [INFO] default - cebbf0b4-0e2d-493d-bcc5-c59da0b4cb97|/api/auth/check | retBody | {"uuid":"cebbf0b4-0e2d-493d-bcc5-c59da0b4cb97","content":{"session":{"cookie":{"originalMaxAge":null,"expires":null,"secure":false,"httpOnly":true,"path":"/"},"admin":null},"result":{"code":1,"message":"FAIL"}},"timestamp":1542963988395}
[2018-11-23T17:07:43.323] [INFO] default - 651b0314-bcf9-4677-9611-28f32c33c639|/api/auth/check | data | {"body":{},"query":{},"session":{"cookie":{"originalMaxAge":null,"expires":null,"secure":false,"httpOnly":true,"path":"/"},"admin":null}}
[2018-11-23T17:07:43.331] [INFO] default - 651b0314-bcf9-4677-9611-28f32c33c639|/api/auth/check | retBody | {"uuid":"651b0314-bcf9-4677-9611-28f32c33c639","content":{"session":{"cookie":{"originalMaxAge":null,"expires":null,"secure":false,"httpOnly":true,"path":"/"},"admin":null},"result":{"code":1,"message":"FAIL"}},"timestamp":1542964063328}
